<?xml version="1.0" encoding="UTF-8"?>
<!-- Generated by org.testng.reporters.JUnitReportReporter -->
<testsuite hostname="vishnu" failures="0" tests="1" name="check.UserTest" time="3.000" errors="0" timestamp="2024-10-09T08:11:44 IST" skipped="0">
  <testcase classname="check.UserTest" name="usertest" time="3.000"/>
</testsuite> <!-- check.UserTest -->
